<?xml version="1.0" encoding="UTF-8"?>
<!-- Generated by org.testng.reporters.JUnitXMLReporter -->
<testsuite ignored="0" hostname="WINDOWS-H6EFL0Q" failures="0" tests="6" name="TestChrome" time="51.077" errors="0" timestamp="2020-11-23T23:15:36 EET">
  <testcase classname="com.inetBanking.testCases.TC_DisplayMiniStatement_017" name="displayMiniStatement" time="10.187"/>
  <testcase classname="com.inetBanking.testCases.TC_N_DisplayMiniStatement_018" name="loginInApp" time="5.167"/>
  <testcase classname="com.inetBanking.testCases.TC_N_DisplayMiniStatement_018" name="n_displayMiniStatement" time="4.57"/>
  <testcase classname="com.inetBanking.testCases.TC_N_DisplayMiniStatement_018" name="n_displayMiniStatement" time="4.865"/>
  <testcase classname="com.inetBanking.testCases.TC_N_DisplayMiniStatement_018" name="n_displayMiniStatement" time="4.336"/>
  <testcase classname="com.inetBanking.testCases.TC_N_DisplayMiniStatement_018" name="n_displayMiniStatement" time="4.968"/>
</testsuite> <!-- TestChrome -->
