<?xml version="1.0" encoding="UTF-8"?>
<!-- Generated by org.testng.reporters.JUnitXMLReporter -->
<testsuite ignored="0" hostname="WINDOWS-H6EFL0Q" failures="0" tests="7" name="TestChrome" time="43.496" errors="0" timestamp="2020-11-04T23:37:12 EET">
  <testcase classname="com.inetBanking.testCases.TC_N_Withdrawal_012" name="loginInApp" time="4.629"/>
  <testcase classname="com.inetBanking.testCases.TC_N_Withdrawal_012" name="nMakeWithdrawal" time="5.048"/>
  <testcase classname="com.inetBanking.testCases.TC_N_Withdrawal_012" name="nMakeWithdrawal" time="4.675"/>
  <testcase classname="com.inetBanking.testCases.TC_N_Withdrawal_012" name="nMakeWithdrawal" time="4.535"/>
  <testcase classname="com.inetBanking.testCases.TC_N_Withdrawal_012" name="nMakeWithdrawal" time="5.107"/>
  <testcase classname="com.inetBanking.testCases.TC_N_Withdrawal_012" name="nMakeWithdrawal" time="5.677"/>
  <testcase classname="com.inetBanking.testCases.TC_N_Withdrawal_012" name="nMakeWithdrawal" time="4.627"/>
</testsuite> <!-- TestChrome -->
