<?xml version="1.0" encoding="UTF-8"?>
<!-- Generated by org.testng.reporters.JUnitXMLReporter -->
<testsuite ignored="0" hostname="WINDOWS-H6EFL0Q" failures="0" tests="8" name="TestChrome" time="72.383" errors="0" timestamp="2020-11-03T23:39:06 EET">
  <testcase classname="com.inetBanking.testCases.TC_NewDeposit_009" name="createNewDeposit" time="9.877"/>
  <testcase classname="com.inetBanking.testCases.TC_N_NewDeposit_010" name="loginOnPage" time="4.726"/>
  <testcase classname="com.inetBanking.testCases.TC_N_NewDeposit_010" name="createNewDeposit_N" time="6.903"/>
  <testcase classname="com.inetBanking.testCases.TC_N_NewDeposit_010" name="createNewDeposit_N" time="6.522"/>
  <testcase classname="com.inetBanking.testCases.TC_N_NewDeposit_010" name="createNewDeposit_N" time="6.651"/>
  <testcase classname="com.inetBanking.testCases.TC_N_NewDeposit_010" name="createNewDeposit_N" time="6.551"/>
  <testcase classname="com.inetBanking.testCases.TC_N_NewDeposit_010" name="createNewDeposit_N" time="6.342"/>
  <testcase classname="com.inetBanking.testCases.TC_N_NewDeposit_010" name="createNewDeposit_N" time="7.379"/>
</testsuite> <!-- TestChrome -->
