<?xml version="1.0" encoding="UTF-8"?>
<!-- Generated by org.testng.reporters.JUnitXMLReporter -->
<testsuite ignored="0" hostname="WINDOWS-H6EFL0Q" failures="0" tests="6" name="TestChrome" time="48.977" errors="0" timestamp="2020-11-24T00:01:20 EET">
  <testcase classname="com.inetBanking.testCases.TC_DisplayMiniStatement_017" name="displayMiniStatement" time="9.323"/>
  <testcase classname="com.inetBanking.testCases.TC_N_DisplayMiniStatement_018" name="loginInApp" time="4.809"/>
  <testcase classname="com.inetBanking.testCases.TC_N_DisplayMiniStatement_018" name="n_displayMiniStatement" time="4.921"/>
  <testcase classname="com.inetBanking.testCases.TC_N_DisplayMiniStatement_018" name="n_displayMiniStatement" time="4.523"/>
  <testcase classname="com.inetBanking.testCases.TC_N_DisplayMiniStatement_018" name="n_displayMiniStatement" time="4.105"/>
  <testcase classname="com.inetBanking.testCases.TC_N_DisplayMiniStatement_018" name="n_displayMiniStatement" time="4.377"/>
</testsuite> <!-- TestChrome -->
