<?xml version="1.0" encoding="UTF-8"?>
<testng-results ignored="0" total="8" passed="8" failed="0" skipped="0">
  <reporter-output>
  </reporter-output>
  <suite started-at="2020-11-03T23:37:54 EET" name="Suite" finished-at="2020-11-03T23:39:06 EET" duration-ms="72383">
    <groups>
    </groups>
    <test started-at="2020-11-03T23:37:54 EET" name="TestChrome" finished-at="2020-11-03T23:39:06 EET" duration-ms="72383">
      <class name="com.inetBanking.testCases.TC_NewDeposit_009">
        <test-method is-config="true" signature="setup(java.lang.String)[pri:0, instance:com.inetBanking.testCases.TC_NewDeposit_009@2a40cd94]" started-at="2020-11-03T23:37:54 EET" name="setup" finished-at="2020-11-03T23:38:02 EET" duration-ms="8469" status="PASS">
          <params>
            <param index="0">
              <value>
                <![CDATA[chrome]]>
              </value>
            </param>
          </params>
          <reporter-output>
          </reporter-output>
        </test-method> <!-- setup -->
        <test-method signature="createNewDeposit()[pri:0, instance:com.inetBanking.testCases.TC_NewDeposit_009@2a40cd94]" started-at="2020-11-03T23:38:02 EET" name="createNewDeposit" finished-at="2020-11-03T23:38:12 EET" duration-ms="9877" status="PASS">
          <reporter-output>
          </reporter-output>
        </test-method> <!-- createNewDeposit -->
        <test-method is-config="true" signature="quitBrowser()[pri:0, instance:com.inetBanking.testCases.TC_NewDeposit_009@2a40cd94]" started-at="2020-11-03T23:38:12 EET" name="quitBrowser" finished-at="2020-11-03T23:38:13 EET" duration-ms="652" status="PASS">
          <reporter-output>
          </reporter-output>
        </test-method> <!-- quitBrowser -->
      </class> <!-- com.inetBanking.testCases.TC_NewDeposit_009 -->
      <class name="com.inetBanking.testCases.TC_N_NewDeposit_010">
        <test-method is-config="true" signature="setup(java.lang.String)[pri:0, instance:com.inetBanking.testCases.TC_N_NewDeposit_010@f4168b8]" started-at="2020-11-03T23:38:13 EET" name="setup" finished-at="2020-11-03T23:38:20 EET" duration-ms="7396" status="PASS">
          <params>
            <param index="0">
              <value>
                <![CDATA[chrome]]>
              </value>
            </param>
          </params>
          <reporter-output>
          </reporter-output>
        </test-method> <!-- setup -->
        <test-method signature="loginOnPage()[pri:0, instance:com.inetBanking.testCases.TC_N_NewDeposit_010@f4168b8]" started-at="2020-11-03T23:38:20 EET" name="loginOnPage" finished-at="2020-11-03T23:38:25 EET" duration-ms="4726" status="PASS">
          <reporter-output>
          </reporter-output>
        </test-method> <!-- loginOnPage -->
        <test-method signature="createNewDeposit_N(java.lang.String, java.lang.String, java.lang.String)[pri:1, instance:com.inetBanking.testCases.TC_N_NewDeposit_010@f4168b8]" started-at="2020-11-03T23:38:25 EET" name="createNewDeposit_N" data-provider="Data" finished-at="2020-11-03T23:38:32 EET" duration-ms="6903" status="PASS">
          <params>
            <param index="0">
              <value>
                <![CDATA[]]>
              </value>
            </param>
            <param index="1">
              <value>
                <![CDATA[123]]>
              </value>
            </param>
            <param index="2">
              <value>
                <![CDATA[Test1]]>
              </value>
            </param>
          </params>
          <reporter-output>
          </reporter-output>
        </test-method> <!-- createNewDeposit_N -->
        <test-method signature="createNewDeposit_N(java.lang.String, java.lang.String, java.lang.String)[pri:1, instance:com.inetBanking.testCases.TC_N_NewDeposit_010@f4168b8]" started-at="2020-11-03T23:38:32 EET" name="createNewDeposit_N" data-provider="Data" finished-at="2020-11-03T23:38:39 EET" duration-ms="6522" status="PASS">
          <params>
            <param index="0">
              <value>
                <![CDATA[45678]]>
              </value>
            </param>
            <param index="1">
              <value>
                <![CDATA[]]>
              </value>
            </param>
            <param index="2">
              <value>
                <![CDATA[Test1]]>
              </value>
            </param>
          </params>
          <reporter-output>
          </reporter-output>
        </test-method> <!-- createNewDeposit_N -->
        <test-method signature="createNewDeposit_N(java.lang.String, java.lang.String, java.lang.String)[pri:1, instance:com.inetBanking.testCases.TC_N_NewDeposit_010@f4168b8]" started-at="2020-11-03T23:38:39 EET" name="createNewDeposit_N" data-provider="Data" finished-at="2020-11-03T23:38:45 EET" duration-ms="6651" status="PASS">
          <params>
            <param index="0">
              <value>
                <![CDATA[]]>
              </value>
            </param>
            <param index="1">
              <value>
                <![CDATA[]]>
              </value>
            </param>
            <param index="2">
              <value>
                <![CDATA[]]>
              </value>
            </param>
          </params>
          <reporter-output>
          </reporter-output>
        </test-method> <!-- createNewDeposit_N -->
        <test-method signature="createNewDeposit_N(java.lang.String, java.lang.String, java.lang.String)[pri:1, instance:com.inetBanking.testCases.TC_N_NewDeposit_010@f4168b8]" started-at="2020-11-03T23:38:45 EET" name="createNewDeposit_N" data-provider="Data" finished-at="2020-11-03T23:38:52 EET" duration-ms="6551" status="PASS">
          <params>
            <param index="0">
              <value>
                <![CDATA[test]]>
              </value>
            </param>
            <param index="1">
              <value>
                <![CDATA[123]]>
              </value>
            </param>
            <param index="2">
              <value>
                <![CDATA[Test1]]>
              </value>
            </param>
          </params>
          <reporter-output>
          </reporter-output>
        </test-method> <!-- createNewDeposit_N -->
        <test-method signature="createNewDeposit_N(java.lang.String, java.lang.String, java.lang.String)[pri:1, instance:com.inetBanking.testCases.TC_N_NewDeposit_010@f4168b8]" started-at="2020-11-03T23:38:52 EET" name="createNewDeposit_N" data-provider="Data" finished-at="2020-11-03T23:38:58 EET" duration-ms="6342" status="PASS">
          <params>
            <param index="0">
              <value>
                <![CDATA[45678]]>
              </value>
            </param>
            <param index="1">
              <value>
                <![CDATA[123V]]>
              </value>
            </param>
            <param index="2">
              <value>
                <![CDATA[Test1]]>
              </value>
            </param>
          </params>
          <reporter-output>
          </reporter-output>
        </test-method> <!-- createNewDeposit_N -->
        <test-method signature="createNewDeposit_N(java.lang.String, java.lang.String, java.lang.String)[pri:1, instance:com.inetBanking.testCases.TC_N_NewDeposit_010@f4168b8]" started-at="2020-11-03T23:38:58 EET" name="createNewDeposit_N" data-provider="Data" finished-at="2020-11-03T23:39:05 EET" duration-ms="7379" status="PASS">
          <params>
            <param index="0">
              <value>
                <![CDATA[45678]]>
              </value>
            </param>
            <param index="1">
              <value>
                <![CDATA[123]]>
              </value>
            </param>
            <param index="2">
              <value>
                <![CDATA[34567]]>
              </value>
            </param>
          </params>
          <reporter-output>
          </reporter-output>
        </test-method> <!-- createNewDeposit_N -->
        <test-method is-config="true" signature="quitBrowser()[pri:0, instance:com.inetBanking.testCases.TC_N_NewDeposit_010@f4168b8]" started-at="2020-11-03T23:39:05 EET" name="quitBrowser" finished-at="2020-11-03T23:39:06 EET" duration-ms="625" status="PASS">
          <reporter-output>
          </reporter-output>
        </test-method> <!-- quitBrowser -->
      </class> <!-- com.inetBanking.testCases.TC_N_NewDeposit_010 -->
    </test> <!-- TestChrome -->
  </suite> <!-- Suite -->
</testng-results>
