<?xml version="1.0" encoding="UTF-8"?>
<testng-results ignored="0" total="8" passed="8" failed="0" skipped="0">
  <reporter-output>
  </reporter-output>
  <suite started-at="2020-11-03T00:54:32 EET" name="Suite" finished-at="2020-11-03T00:55:44 EET" duration-ms="72293">
    <groups>
    </groups>
    <test started-at="2020-11-03T00:54:32 EET" name="TestChrome" finished-at="2020-11-03T00:55:44 EET" duration-ms="72293">
      <class name="com.inetBanking.testCases.TC_N_NewDeposit_010">
        <test-method is-config="true" signature="setup(java.lang.String)[pri:0, instance:com.inetBanking.testCases.TC_N_NewDeposit_010@12b0404f]" started-at="2020-11-03T00:54:50 EET" name="setup" finished-at="2020-11-03T00:54:57 EET" duration-ms="7613" status="PASS">
          <params>
            <param index="0">
              <value>
                <![CDATA[chrome]]>
              </value>
            </param>
          </params>
          <reporter-output>
          </reporter-output>
        </test-method> <!-- setup -->
        <test-method signature="loginOnPage()[pri:0, instance:com.inetBanking.testCases.TC_N_NewDeposit_010@12b0404f]" started-at="2020-11-03T00:54:57 EET" name="loginOnPage" finished-at="2020-11-03T00:55:02 EET" duration-ms="4420" status="PASS">
          <reporter-output>
          </reporter-output>
        </test-method> <!-- loginOnPage -->
        <test-method signature="createNewDeposit_N(java.lang.String, java.lang.String, java.lang.String)[pri:1, instance:com.inetBanking.testCases.TC_N_NewDeposit_010@12b0404f]" started-at="2020-11-03T00:55:02 EET" name="createNewDeposit_N" data-provider="Data" finished-at="2020-11-03T00:55:09 EET" duration-ms="7012" status="PASS">
          <params>
            <param index="0">
              <value>
                <![CDATA[]]>
              </value>
            </param>
            <param index="1">
              <value>
                <![CDATA[123]]>
              </value>
            </param>
            <param index="2">
              <value>
                <![CDATA[Test1]]>
              </value>
            </param>
          </params>
          <reporter-output>
          </reporter-output>
        </test-method> <!-- createNewDeposit_N -->
        <test-method signature="createNewDeposit_N(java.lang.String, java.lang.String, java.lang.String)[pri:1, instance:com.inetBanking.testCases.TC_N_NewDeposit_010@12b0404f]" started-at="2020-11-03T00:55:09 EET" name="createNewDeposit_N" data-provider="Data" finished-at="2020-11-03T00:55:15 EET" duration-ms="6715" status="PASS">
          <params>
            <param index="0">
              <value>
                <![CDATA[45678]]>
              </value>
            </param>
            <param index="1">
              <value>
                <![CDATA[]]>
              </value>
            </param>
            <param index="2">
              <value>
                <![CDATA[Test1]]>
              </value>
            </param>
          </params>
          <reporter-output>
          </reporter-output>
        </test-method> <!-- createNewDeposit_N -->
        <test-method signature="createNewDeposit_N(java.lang.String, java.lang.String, java.lang.String)[pri:1, instance:com.inetBanking.testCases.TC_N_NewDeposit_010@12b0404f]" started-at="2020-11-03T00:55:15 EET" name="createNewDeposit_N" data-provider="Data" finished-at="2020-11-03T00:55:22 EET" duration-ms="6673" status="PASS">
          <params>
            <param index="0">
              <value>
                <![CDATA[]]>
              </value>
            </param>
            <param index="1">
              <value>
                <![CDATA[]]>
              </value>
            </param>
            <param index="2">
              <value>
                <![CDATA[]]>
              </value>
            </param>
          </params>
          <reporter-output>
          </reporter-output>
        </test-method> <!-- createNewDeposit_N -->
        <test-method signature="createNewDeposit_N(java.lang.String, java.lang.String, java.lang.String)[pri:1, instance:com.inetBanking.testCases.TC_N_NewDeposit_010@12b0404f]" started-at="2020-11-03T00:55:22 EET" name="createNewDeposit_N" data-provider="Data" finished-at="2020-11-03T00:55:29 EET" duration-ms="6708" status="PASS">
          <params>
            <param index="0">
              <value>
                <![CDATA[test]]>
              </value>
            </param>
            <param index="1">
              <value>
                <![CDATA[123]]>
              </value>
            </param>
            <param index="2">
              <value>
                <![CDATA[Test1]]>
              </value>
            </param>
          </params>
          <reporter-output>
          </reporter-output>
        </test-method> <!-- createNewDeposit_N -->
        <test-method signature="createNewDeposit_N(java.lang.String, java.lang.String, java.lang.String)[pri:1, instance:com.inetBanking.testCases.TC_N_NewDeposit_010@12b0404f]" started-at="2020-11-03T00:55:29 EET" name="createNewDeposit_N" data-provider="Data" finished-at="2020-11-03T00:55:36 EET" duration-ms="6730" status="PASS">
          <params>
            <param index="0">
              <value>
                <![CDATA[45678]]>
              </value>
            </param>
            <param index="1">
              <value>
                <![CDATA[123V]]>
              </value>
            </param>
            <param index="2">
              <value>
                <![CDATA[Test1]]>
              </value>
            </param>
          </params>
          <reporter-output>
          </reporter-output>
        </test-method> <!-- createNewDeposit_N -->
        <test-method signature="createNewDeposit_N(java.lang.String, java.lang.String, java.lang.String)[pri:1, instance:com.inetBanking.testCases.TC_N_NewDeposit_010@12b0404f]" started-at="2020-11-03T00:55:36 EET" name="createNewDeposit_N" data-provider="Data" finished-at="2020-11-03T00:55:44 EET" duration-ms="7977" status="PASS">
          <params>
            <param index="0">
              <value>
                <![CDATA[45678]]>
              </value>
            </param>
            <param index="1">
              <value>
                <![CDATA[123]]>
              </value>
            </param>
            <param index="2">
              <value>
                <![CDATA[34567]]>
              </value>
            </param>
          </params>
          <reporter-output>
          </reporter-output>
        </test-method> <!-- createNewDeposit_N -->
        <test-method is-config="true" signature="quitBrowser()[pri:0, instance:com.inetBanking.testCases.TC_N_NewDeposit_010@12b0404f]" started-at="2020-11-03T00:55:44 EET" name="quitBrowser" finished-at="2020-11-03T00:55:44 EET" duration-ms="719" status="PASS">
          <reporter-output>
          </reporter-output>
        </test-method> <!-- quitBrowser -->
      </class> <!-- com.inetBanking.testCases.TC_N_NewDeposit_010 -->
      <class name="com.inetBanking.testCases.TC_NewDeposit_009">
        <test-method is-config="true" signature="setup(java.lang.String)[pri:0, instance:com.inetBanking.testCases.TC_NewDeposit_009@419c5f1a]" started-at="2020-11-03T00:54:32 EET" name="setup" finished-at="2020-11-03T00:54:41 EET" duration-ms="8270" status="PASS">
          <params>
            <param index="0">
              <value>
                <![CDATA[chrome]]>
              </value>
            </param>
          </params>
          <reporter-output>
          </reporter-output>
        </test-method> <!-- setup -->
        <test-method signature="createNewDeposit()[pri:0, instance:com.inetBanking.testCases.TC_NewDeposit_009@419c5f1a]" started-at="2020-11-03T00:54:41 EET" name="createNewDeposit" finished-at="2020-11-03T00:54:49 EET" duration-ms="8375" status="PASS">
          <reporter-output>
          </reporter-output>
        </test-method> <!-- createNewDeposit -->
        <test-method is-config="true" signature="quitBrowser()[pri:0, instance:com.inetBanking.testCases.TC_NewDeposit_009@419c5f1a]" started-at="2020-11-03T00:54:49 EET" name="quitBrowser" finished-at="2020-11-03T00:54:50 EET" duration-ms="778" status="PASS">
          <reporter-output>
          </reporter-output>
        </test-method> <!-- quitBrowser -->
      </class> <!-- com.inetBanking.testCases.TC_NewDeposit_009 -->
    </test> <!-- TestChrome -->
  </suite> <!-- Suite -->
</testng-results>
