<?xml version="1.0" encoding="UTF-8"?>
<testng-results ignored="0" total="1" passed="1" failed="0" skipped="0">
  <reporter-output>
  </reporter-output>
  <suite started-at="2020-10-29T23:11:00 EET" name="Suite" finished-at="2020-10-29T23:11:20 EET" duration-ms="20122">
    <groups>
    </groups>
    <test started-at="2020-10-29T23:11:00 EET" name="TestChrome" finished-at="2020-10-29T23:11:20 EET" duration-ms="20122">
      <class name="com.inetBanking.testCases.TC_EditAccount_007">
        <test-method is-config="true" signature="setup(java.lang.String)[pri:0, instance:com.inetBanking.testCases.TC_EditAccount_007@1a04f701]" started-at="2020-10-29T23:11:00 EET" name="setup" finished-at="2020-10-29T23:11:10 EET" duration-ms="9871" status="PASS">
          <params>
            <param index="0">
              <value>
                <![CDATA[chrome]]>
              </value>
            </param>
          </params>
          <reporter-output>
          </reporter-output>
        </test-method> <!-- setup -->
        <test-method signature="editAccount()[pri:0, instance:com.inetBanking.testCases.TC_EditAccount_007@1a04f701]" started-at="2020-10-29T23:11:10 EET" name="editAccount" finished-at="2020-10-29T23:11:19 EET" duration-ms="9170" status="PASS">
          <reporter-output>
          </reporter-output>
        </test-method> <!-- editAccount -->
        <test-method is-config="true" signature="quitBrowser()[pri:0, instance:com.inetBanking.testCases.TC_EditAccount_007@1a04f701]" started-at="2020-10-29T23:11:19 EET" name="quitBrowser" finished-at="2020-10-29T23:11:20 EET" duration-ms="776" status="PASS">
          <reporter-output>
          </reporter-output>
        </test-method> <!-- quitBrowser -->
      </class> <!-- com.inetBanking.testCases.TC_EditAccount_007 -->
    </test> <!-- TestChrome -->
  </suite> <!-- Suite -->
</testng-results>
